<?xml version="1.0" encoding="UTF-8" ?>
<testsuite errors="0" failures="1" hostname="thomas-K55VD" name="org.netbeans.modules.compapp.catd.ConfiguredTest" tests="1" time="0.355" timestamp="2013-11-30T16:50:43">
  <properties>
    <property name="netbeans.autoupdate.country" value="FR" />
    <property name="com.sun.jbi.sa.internal.routing" value="true" />
    <property name="libs.DataBindingME.src" value="" />
    <property name="libs.j2me_ant_ext.javadoc" value="" />
    <property name="source.root" value="src" />
    <property name="org.openide.TopManager.GUI" value="true" />
    <property name="libs.proguard.javadoc" value="" />
    <property name="libs.junit.javadoc" value="/root/GlassFishESBv22/netbeans/java2/docs/junit-3.8.2-api.zip" />
    <property name="libs.nsicom-ant-utils.src" value="" />
    <property name="libs.nokiaS80-ant-utils.javadoc" value="" />
    <property name="ant.core.lib" value="/root/GlassFishESBv22/netbeans/java2/ant/lib/ant.jar" />
    <property name="libs.swing-app-framework.src" value="" />
    <property name="libs.jakarta_slide_ant_webdav.javadoc" value="" />
    <property name="libs.toplink.classpath" value="/root/GlassFishESBv22/netbeans/java2/modules/ext/toplink/toplink-essentials.jar:/root/GlassFishESBv22/netbeans/java2/modules/ext/toplink/toplink-essentials-agent.jar" />
    <property name="user.dir" value="/home/thomas/development/PDL_SOA/PrestashopWebApp/NewCustomerCompositeApp" />
    <property name="libs.hibernate-persistence.javadoc" value="" />
    <property name="libs.JMUnit4CLDC10.javadoc" value="/root/GlassFishESBv22/netbeans/mobility8/modules/docs/jmunit-1.2.1-api.zip" />
    <property name="java.vm.version" value="20.45-b01" />
    <property name="libs.DataBindingME.classpath" value="/root/GlassFishESBv22/netbeans/mobility8/modules/ext/netbeans_databindingme.jar" />
    <property name="libs.jstl11.maven-pom" value="" />
    <property name="libs.nsicom-ant-utils.classpath" value="/root/GlassFishESBv22/netbeans/mobility8/ant/nblib/org-netbeans-modules-j2me-cdc-project-nsicom.jar" />
    <property name="libs.MySQLDriver.classpath" value="/root/GlassFishESBv22/netbeans/ide11/modules/ext/mysql-connector-java-5.1.6-bin.jar" />
    <property name="jbi.content.additional" value="../PrestashopWebApplication/dist/PrestashopWebApplication.war;../DWHWebApplication/dist/DWHWebApplication.war;../NewCustomerProcessBpelModule/build/SEDeployment.jar" />
    <property name="libs.jstl11.src" value="" />
    <property name="netbeans.autoupdate.version" value="1.23" />
    <property name="libs.DataBindingME-PIM.maven-pom" value="" />
    <property name="libs.hibernate-support.maven-pom" value="" />
    <property name="libs.hibernate-support.javadoc" value="" />
    <property name="libs.NetBeans MIDP Components.maven-pom" value="" />
    <property name="jdk.home" value="/opt/jdk1.6.0_45" />
    <property name="libs.javac-api.src" value="" />
    <property name="xml.module.install.dir" value="/root/GlassFishESBv22/netbeans/xml2/modules" />
    <property name="sun.os.patch.level" value="unknown" />
    <property name="java.vm.specification.name" value="Java Virtual Machine Specification" />
    <property name="libs.semc-ant-utils.classpath" value="/root/GlassFishESBv22/netbeans/mobility8/modules/ext/org-netbeans-modules-j2me-cdc-project-semc.jar" />
    <property name="libs.Encoder-Custom.javadoc" value="" />
    <property name="nb.show.statistics.ui" value="usageStatisticsEnabled" />
    <property name="netbeans.autoupdate.variant" value="" />
    <property name="have.tests" value="true" />
    <property name="libs.nokiaS80-ant-utils.maven-pom" value="" />
    <property name="org.xml.sax.driver" value="com.sun.org.apache.xerces.internal.jaxp.SAXParserImpl$JAXPSAXParser" />
    <property name="libs.nb_svg_midp_components.src" value="/root/GlassFishESBv22/netbeans/mobility8/sources/nb_svg_midp_components-src.zip" />
    <property name="j2ee.server.instance" value="[/root/GlassFishESBv22/glassfish]deployer:Sun:AppServer::localhost:4848" />
    <property name="netbeans.derby.system.home" value="/root/GlassFishESBv22/glassfish/databases" />
    <property name="libs.NetBeans MIDP Components WMA.src" value="/root/GlassFishESBv22/netbeans/mobility8/sources/netbeans_midp_components_wma-src.zip" />
    <property name="libs.javac-api.javadoc" value="" />
    <property name="os.name" value="Linux" />
    <property name="esb.netbeans.platform" value="/root/GlassFishESBv22/netbeans/platform10" />
    <property name="libs.beans-binding.classpath" value="/root/GlassFishESBv22/netbeans/java2/modules/ext/beansbinding-1.2.1.jar" />
    <property name="libs.DataBindingME-SVG.javadoc" value="/root/GlassFishESBv22/netbeans/mobility8/modules/docs/netbeans_databindingme_svg-api.zip" />
    <property name="libs.restapi.javadoc" value="/root/GlassFishESBv22/netbeans/enterprise5/docs/jsr311-api-doc.zip" />
    <property name="libs.JWSAntTasks.maven-pom" value="" />
    <property name="libs.restapi.classpath" value="/root/GlassFishESBv22/netbeans/enterprise5/modules/ext/rest/jsr311-api.jar" />
    <property name="java.vendor.url.bug" value="http://java.sun.com/cgi-bin/bugreport.cgi" />
    <property name="libs.nsicom-ant-utils.javadoc" value="" />
    <property name="libs.jaxb.maven-pom" value="" />
    <property name="os.arch" value="i386" />
    <property name="libs.Encoder-Custom.classpath" value="/root/GlassFishESBv22/netbeans/soa2/modules/ext/encoder/custom.jar:/root/GlassFishESBv22/netbeans/soa2/modules/ext/encoder/customencoder-xsdextension.jar" />
    <property name="user.name" value="root" />
    <property name="libs.jsf12.javadoc" value="/root/GlassFishESBv22/netbeans/enterprise5/docs/javaee5-doc-api.zip" />
    <property name="libs.swing-layout.maven-pom" value="" />
    <property name="sun.java.command" value="org.apache.tools.ant.taskdefs.optional.junit.JUnitTestRunner org.netbeans.modules.compapp.catd.ConfiguredTest filtertrace=true haltOnError=false haltOnFailure=false showoutput=true outputtoformatters=true logtestlistenerevents=true formatter=org.apache.tools.ant.taskdefs.optional.junit.BriefJUnitResultFormatter formatter=org.apache.tools.ant.taskdefs.optional.junit.XMLJUnitResultFormatter,/home/thomas/development/PDL_SOA/PrestashopWebApp/NewCustomerCompositeApp/test/results/TEST-org.netbeans.modules.compapp.catd.ConfiguredTest.xml crashfile=/tmp/junitvmwatcher3970240565321837607.properties propsfile=/tmp/junit282342462862693455.properties" />
    <property name="build.classes.dir" value="build/jar" />
    <property name="netbeans.accept_license_class" value="org.netbeans.license.AcceptLicense" />
    <property name="enterprise.module.install.dir" value="/root/GlassFishESBv22/netbeans/enterprise5/modules" />
    <property name="libs.jaxws21.javadoc" value="/root/GlassFishESBv22/netbeans/java2/docs/jaxws-2_1-api-doc.zip" />
    <property name="user.country" value="FR" />
    <property name="libs.jstl11.javadoc" value="/root/GlassFishESBv22/netbeans/enterprise5/docs/javaee5-doc-api.zip" />
    <property name="libs.JMUnit4CLDC11.src" value="" />
    <property name="meta.inf" value="src/conf" />
    <property name="netbeans.home" value="/root/GlassFishESBv22/netbeans/platform10" />
    <property name="build.compiler.emacs" value="true" />
    <property name="libs.ejb3-persistence.src" value="" />
    <property name="libs.nokiaS80-ant-utils.src" value="" />
    <property name="libs.cdc-pp-awt-layout.javadoc" value="" />
    <property name="libs.j2me_ant_ext.classpath" value="/root/GlassFishESBv22/netbeans/mobility8/modules/org-netbeans-modules-mobility-antext.jar:/root/GlassFishESBv22/netbeans/ide11/modules/org-netbeans-modules-classfile.jar" />
    <property name="java.endorsed.dirs" value="/opt/jdk1.6.0_45/jre/lib/endorsed" />
    <property name="netbeans.dynamic.classpath" value="/root/GlassFishESBv22/netbeans/platform10/core/core.jar:/root/GlassFishESBv22/netbeans/platform10/core/org-openide-filesystems.jar:/root/GlassFishESBv22/netbeans/nb6.7/core/org-netbeans-upgrader.jar:/root/GlassFishESBv22/netbeans/nb6.7/core/locale/core_nb.jar" />
    <property name="libs.cdc-agui-swing-layout.maven-pom" value="" />
    <property name="libs.cdc-pp-awt-layout.src" value="/root/GlassFishESBv22/netbeans/mobility8/sources/cdc-pp-awt-layout-src.zip" />
    <property name="java.vm.specification.version" value="1.0" />
    <property name="libs.jakarta_slide_ant_webdav.src" value="" />
    <property name="libs.sjmc-ant-utils.maven-pom" value="" />
    <property name="libs.JMUnit4CLDC10.maven-pom" value="" />
    <property name="libs.hibernate-persistence.classpath" value="/root/GlassFishESBv22/netbeans/java2/modules/ext/hibernate/antlr-2.7.6.jar:/root/GlassFishESBv22/netbeans/java2/modules/ext/hibernate/asm.jar:/root/GlassFishESBv22/netbeans/java2/modules/ext/hibernate/asm-attrs.jar:/root/GlassFishESBv22/netbeans/java2/modules/ext/hibernate/cglib-2.1.3.jar:/root/GlassFishESBv22/netbeans/java2/modules/ext/hibernate/commons-collections-2.1.1.jar:/root/GlassFishESBv22/netbeans/ide11/modules/ext/commons-logging-1.1.jar:/root/GlassFishESBv22/netbeans/java2/modules/ext/hibernate/dom4j-1.6.1.jar:/root/GlassFishESBv22/netbeans/java2/modules/ext/hibernate/ehcache-1.2.3.jar:/root/GlassFishESBv22/netbeans/java2/modules/ext/hibernate/jdbc2_0-stdext.jar:/root/GlassFishESBv22/netbeans/java2/modules/ext/hibernate/jta.jar:/root/GlassFishESBv22/netbeans/java2/modules/ext/hibernate/hibernate3.jar:/root/GlassFishESBv22/netbeans/java2/modules/ext/hibernate/hibernate-tools.jar:/root/GlassFishESBv22/netbeans/java2/modules/ext/hibernate/hibernate-annotations.jar:/root/GlassFishESBv22/netbeans/java2/modules/ext/hibernate/hibernate-commons-annotations.jar:/root/GlassFishESBv22/netbeans/java2/modules/ext/hibernate/hibernate-entitymanager.jar:/root/GlassFishESBv22/netbeans/java2/modules/ext/hibernate/javassist.jar:/root/GlassFishESBv22/netbeans/java2/modules/ext/hibernate/ejb3-persistence.jar" />
    <property name="libs.jaxws21.src" value="" />
    <property name="libs.swing-app-framework.classpath" value="/root/GlassFishESBv22/netbeans/java2/modules/ext/appframework-1.0.3.jar:/root/GlassFishESBv22/netbeans/java2/modules/ext/swing-worker-1.1.jar" />
    <property name="netbeans.autoupdate.language" value="fr" />
    <property name="libs.jakarta_slide_ant_webdav.classpath" value="/root/GlassFishESBv22/netbeans/mobility8/modules/ext/commons-httpclient-3.0.1.jar:/root/GlassFishESBv22/netbeans/ide11/modules/ext/commons-logging-1.1.jar:/root/GlassFishESBv22/netbeans/java2/modules/ext/jdom-1.0.jar:/root/GlassFishESBv22/netbeans/mobility8/modules/ext/jakarta-slide-webdavlib-2.1.jar:/root/GlassFishESBv22/netbeans/mobility8/modules/ext/jakarta-slide-ant-webdav-2.1.jar" />
    <property name="org.netbeans.core.startup.specialResource" value="nullcom.sun.jdo.api.persistence.mapping.ejb" />
    <property name="libs.Encoder-Framework.javadoc" value="" />
    <property name="java.vendor" value="Sun Microsystems Inc." />
    <property name="libs.JMUnit4CLDC10.src" value="" />
    <property name="file.separator" value="/" />
    <property name="libs.IdentityAntTasks.src" value="" />
    <property name="libs.ActiveSync.classpath" value="/root/GlassFishESBv22/netbeans/mobility8/modules/ext/nbactivesync-5.0.jar" />
    <property name="libs.junit_4.maven-pom" value="" />
    <property name="netbeans.buildnumber" value="200912141238" />
    <property name="libs.JWSAntTasks.javadoc" value="" />
    <property name="sun.java.launcher" value="SUN_STANDARD" />
    <property name="libs.junit.classpath" value="/root/GlassFishESBv22/netbeans/java2/modules/ext/junit-3.8.2.jar" />
    <property name="libs.jaxb.javadoc" value="" />
    <property name="libs.struts.classpath" value="/root/GlassFishESBv22/netbeans/enterprise5/modules/ext/struts/antlr-2.7.2.jar:/root/GlassFishESBv22/netbeans/enterprise5/modules/ext/struts/bsf-2.3.0.jar:/root/GlassFishESBv22/netbeans/enterprise5/modules/ext/struts/commons-beanutils-1.7.0.jar:/root/GlassFishESBv22/netbeans/enterprise5/modules/ext/struts/commons-chain-1.1.jar:/root/GlassFishESBv22/netbeans/enterprise5/modules/ext/struts/commons-digester-1.8.jar:/root/GlassFishESBv22/netbeans/enterprise5/modules/ext/struts/commons-fileupload-1.1.1.jar:/root/GlassFishESBv22/netbeans/enterprise5/modules/ext/struts/commons-io-1.1.jar:/root/GlassFishESBv22/netbeans/enterprise5/modules/ext/struts/commons-logging-1.0.4.jar:/root/GlassFishESBv22/netbeans/enterprise5/modules/ext/struts/commons-validator-1.3.1.jar:/root/GlassFishESBv22/netbeans/enterprise5/modules/ext/struts/jstl-1.0.2.jar:/root/GlassFishESBv22/netbeans/enterprise5/modules/ext/struts/oro-2.0.8.jar:/root/GlassFishESBv22/netbeans/enterprise5/modules/ext/struts/standard-1.0.2.jar:/root/GlassFishESBv22/netbeans/enterprise5/modules/ext/struts/struts-core-1.3.8.jar:/root/GlassFishESBv22/netbeans/enterprise5/modules/ext/struts/struts-el-1.3.8.jar:/root/GlassFishESBv22/netbeans/enterprise5/modules/ext/struts/struts-extras-1.3.8.jar:/root/GlassFishESBv22/netbeans/enterprise5/modules/ext/struts/struts-faces-1.3.8.jar:/root/GlassFishESBv22/netbeans/enterprise5/modules/ext/struts/struts-mailreader-dao-1.3.8.jar:/root/GlassFishESBv22/netbeans/enterprise5/modules/ext/struts/struts-scripting-1.3.8.jar:/root/GlassFishESBv22/netbeans/enterprise5/modules/ext/struts/struts-taglib-1.3.8.jar:/root/GlassFishESBv22/netbeans/enterprise5/modules/ext/struts/struts-tiles-1.3.8.jar" />
    <property name="ant.home" value="/root/GlassFishESBv22/netbeans/java2/ant" />
    <property name="libs.junit_4.src" value="/root/GlassFishESBv22/netbeans/java2/docs/junit-4.5-src.jar" />
    <property name="libs.ricoh-ant-utils.maven-pom" value="" />
    <property name="libs.absolutelayout.maven-pom" value="" />
    <property name="ant.java.version" value="1.6" />
    <property name="java.library.path" value="/opt/jdk1.6.0_45/jre/lib/i386/server:/opt/jdk1.6.0_45/jre/lib/i386:/opt/jdk1.6.0_45/jre/../lib/i386:/opt/jdk1.6.0_45/jre/lib/i386/client:/opt/jdk1.6.0_45/jre/lib/i386:/opt/jdk1.6.0_45/jre/../lib/i386:/usr/java/packages/lib/i386:/lib:/usr/lib" />
    <property name="libs.metro.maven-pom" value="" />
    <property name="libs.IdentityAntTasks.classpath" value="/root/GlassFishESBv22/netbeans/identity2/ant/nblib/org-netbeans-modules-identity-ant.jar:/root/GlassFishESBv22/netbeans/identity2/modules/org-netbeans-modules-identity-profile-api.jar" />
    <property name="java.util.logging.config.class" value="org.netbeans.core.startup.TopLogging" />
    <property name="libs.PostgreSQLDriver.src" value="" />
    <property name="sun.arch.data.model" value="32" />
    <property name="basedir" value="/home/thomas/development/PDL_SOA/PrestashopWebApp/NewCustomerCompositeApp" />
    <property name="libs.ActiveSync.src" value="" />
    <property name="libs.NetBeans MIDP Components PDA.src" value="/root/GlassFishESBv22/netbeans/mobility8/sources/netbeans_midp_components_pda-src.zip" />
    <property name="libs.jstl11.classpath" value="/root/GlassFishESBv22/netbeans/enterprise5/modules/ext/standard.jar:/root/GlassFishESBv22/netbeans/enterprise5/modules/ext/jstl.jar" />
    <property name="path.separator" value=":" />
    <property name="com.sun.aas.installRoot" value="/root/GlassFishESBv22/glassfish" />
    <property name="reference.NewCustomerProcessBpelModule.dist_se" value="../NewCustomerProcessBpelModule/build/SEDeployment.jar" />
    <property name="sun.io.unicode.encoding" value="UnicodeLittle" />
    <property name="libs.semc-ant-utils.javadoc" value="" />
    <property name="libs.jaxws21.classpath" value="/root/GlassFishESBv22/netbeans/ide11/modules/ext/jaxb/activation.jar:/root/GlassFishESBv22/netbeans/ide11/modules/ext/jaxb/api/jaxb-api.jar:/root/GlassFishESBv22/netbeans/ide11/modules/ext/jaxb/jaxb-impl.jar:/root/GlassFishESBv22/netbeans/ide11/modules/ext/jaxb/jaxb-xjc.jar:/root/GlassFishESBv22/netbeans/ide11/modules/ext/jaxb/api/jsr173_api.jar:/root/GlassFishESBv22/netbeans/java2/modules/ext/jaxws21/FastInfoset.jar:/root/GlassFishESBv22/netbeans/java2/modules/ext/jaxws21/http.jar:/root/GlassFishESBv22/netbeans/java2/modules/ext/jaxws21/api/jaxws-api.jar:/root/GlassFishESBv22/netbeans/java2/modules/ext/jaxws21/jaxws-rt.jar:/root/GlassFishESBv22/netbeans/java2/modules/ext/jaxws21/jaxws-tools.jar:/root/GlassFishESBv22/netbeans/java2/modules/ext/jaxws21/api/jsr181-api.jar:/root/GlassFishESBv22/netbeans/java2/modules/ext/jaxws21/api/jsr250-api.jar:/root/GlassFishESBv22/netbeans/java2/modules/ext/jaxws21/mimepull.jar:/root/GlassFishESBv22/netbeans/java2/modules/ext/jaxws21/api/saaj-api.jar:/root/GlassFishESBv22/netbeans/java2/modules/ext/jaxws21/saaj-impl.jar:/root/GlassFishESBv22/netbeans/java2/modules/ext/jaxws21/sjsxp.jar:/root/GlassFishESBv22/netbeans/java2/modules/ext/jaxws21/stax-ex.jar:/root/GlassFishESBv22/netbeans/java2/modules/ext/jaxws21/streambuffer.jar" />
    <property name="libs.struts.src" value="" />
    <property name="user.language" value="fr" />
    <property name="libs.Encoder-Framework.src" value="" />
    <property name="ant.file." value="/home/thomas/development/PDL_SOA/PrestashopWebApp/NewCustomerCompositeApp/build.xml" />
    <property name="libs.spring-framework.classpath" value="/root/GlassFishESBv22/netbeans/ide11/modules/ext/commons-logging-1.1.jar:/root/GlassFishESBv22/netbeans/java2/modules/ext/cglib-2.2.jar:/root/GlassFishESBv22/netbeans/java2/modules/ext/spring/spring-2.5.jar" />
    <property name="useJavaUtilZip" value="true" />
    <property name="libs.Encoder-Framework.classpath" value="/root/GlassFishESBv22/netbeans/soa2/modules/ext/encoder/encoderframework.jar:/root/GlassFishESBv22/netbeans/soa2/modules/ext/encoder/encoderfrmwk-xsdextension.jar:/root/GlassFishESBv22/netbeans/soa2/modules/ext/xmlbeans-2.1.0/xbean.jar" />
    <property name="libs.swing-layout.javadoc" value="/root/GlassFishESBv22/netbeans/platform10/docs/swing-layout-1.0.3-doc.zip" />
    <property name="libs.swing-app-framework.javadoc" value="/root/GlassFishESBv22/netbeans/java2/docs/appframework-1.0.3-doc.zip" />
    <property name="libs.ejb3-persistence.maven-pom" value="" />
    <property name="libs.proguard.classpath" value="/root/GlassFishESBv22/netbeans/mobility8/external/proguard/proguard4.2.jar" />
    <property name="libs.DataBindingME-SVG.classpath" value="/root/GlassFishESBv22/netbeans/mobility8/modules/ext/netbeans_databindingme_svg.jar" />
    <property name="https.nonProxyHosts" value="localhost|127.0.0.1|thomas-K55VD" />
    <property name="libs.PostgreSQLDriver.maven-pom" value="" />
    <property name="java.class.version" value="50.0" />
    <property name="libs.cdc-ant-utils.classpath" value="/root/GlassFishESBv22/netbeans/mobility8/modules/ext/org-netbeans-modules-j2me-cdc-project.jar" />
    <property name="libs.NetBeans MIDP Components WMA.maven-pom" value="" />
    <property name="user.properties.file" value="/root/GlassFishESBv22/.netbeans/glassfishesb/build.properties" />
    <property name="libs.spring-framework.src" value="" />
    <property name="libs.javac-api.maven-pom" value="" />
    <property name="file.encoding.pkg" value="sun.io" />
    <property name="sun.cpu.endian" value="little" />
    <property name="libs.JWSAntTasks.classpath" value="/root/GlassFishESBv22/netbeans/java2/ant/extra/org-netbeans-modules-javawebstart-anttasks.jar" />
    <property name="libs.PojoSELib.src" value="/root/GlassFishESBv22/netbeans/soa2/modules/ext/jbi/sun-pojo-engine-api-src.jar" />
    <property name="libs.ant-contrib.classpath" value="/root/GlassFishESBv22/netbeans/mobility8/modules/ext/ant-contrib-1.0b3.jar" />
    <property name="nbplatform.default.harness.dir" value="/root/GlassFishESBv22/netbeans/harness" />
    <property name="java.home" value="/opt/jdk1.6.0_45/jre" />
    <property name="libs.ricoh-ant-utils.src" value="" />
    <property name="libs.spring-webmvc.src" value="" />
    <property name="libs.ant-contrib.javadoc" value="" />
    <property name="netbeans.importclass" value="org.netbeans.upgrade.AutoUpgrade" />
    <property name="org.openide.TopManager" value="org.netbeans.core.NonGui" />
    <property name="libs.savaje-ant-utils.classpath" value="/root/GlassFishESBv22/netbeans/mobility8/modules/ext/org-netbeans-modules-j2me-cdc-project-savaje.jar" />
    <property name="libs.toplink.maven-pom" value="" />
    <property name="libs.DataBindingME.maven-pom" value="" />
    <property name="libs.PostgreSQLDriver.javadoc" value="" />
    <property name="libs.restlib.classpath" value="/root/GlassFishESBv22/netbeans/enterprise5/modules/ext/rest/jersey.jar:/root/GlassFishESBv22/netbeans/enterprise5/modules/ext/rest/http.jar:/root/GlassFishESBv22/netbeans/enterprise5/modules/ext/rest/wadl2java.jar:/root/GlassFishESBv22/netbeans/enterprise5/modules/ext/rest/rome-0.9.jar:/root/GlassFishESBv22/netbeans/enterprise5/modules/ext/rest/jdom-1.0.jar:/root/GlassFishESBv22/netbeans/enterprise5/modules/ext/rest/jettison-1.0-RC1.jar:/root/GlassFishESBv22/netbeans/enterprise5/modules/ext/rest/asm-3.1.jar:/root/GlassFishESBv22/netbeans/enterprise5/modules/ext/rest/grizzly-servlet-webserver-1.7.3.2.jar:/root/GlassFishESBv22/netbeans/enterprise5/modules/ext/rest/jersey-spring.jar:/root/GlassFishESBv22/netbeans/ide11/modules/ext/jaxb/activation.jar:/root/GlassFishESBv22/netbeans/ide11/modules/ext/jaxb/api/jaxb-api.jar:/root/GlassFishESBv22/netbeans/ide11/modules/ext/jaxb/jaxb-impl.jar:/root/GlassFishESBv22/netbeans/ide11/modules/ext/jaxb/jaxb-xjc.jar:/root/GlassFishESBv22/netbeans/ide11/modules/ext/jaxb/api/jsr173_api.jar" />
    <property name="libs.JMUnit4CLDC11.javadoc" value="/root/GlassFishESBv22/netbeans/mobility8/modules/docs/jmunit-1.2.1-api.zip" />
    <property name="jbi.service-unit.description" value="Represents this Service Unit" />
    <property name="libs.nsicom-ant-utils.maven-pom" value="" />
    <property name="libs.MySQLDriver.maven-pom" value="" />
    <property name="libs.savaje-ant-utils.src" value="" />
    <property name="http.nonProxyHosts" value="localhost|127.0.0.1|thomas-K55VD" />
    <property name="libs.junit_4.javadoc" value="/root/GlassFishESBv22/netbeans/java2/docs/junit-4.5-api.zip" />
    <property name="libs.spring-webmvc.javadoc" value="" />
    <property name="libs.toplink.src" value="" />
    <property name="test.results.dir" value="/home/thomas/development/PDL_SOA/PrestashopWebApp/NewCustomerCompositeApp/test/results" />
    <property name="libs.cdc-pp-awt-layout.classpath" value="/root/GlassFishESBv22/netbeans/mobility8/modules/ext/cdc-pp-awt-layout.jar" />
    <property name="libs.cdc-agui-swing-layout.src" value="/root/GlassFishESBv22/netbeans/mobility8/sources/cdc-agui-swing-layout-src.zip" />
    <property name="libs.hibernate-support.src" value="" />
    <property name="libs.JMUnit4CLDC11.classpath" value="/root/GlassFishESBv22/netbeans/mobility8/modules/ext/jmunit4cldc11-1.2.1.jar" />
    <property name="resource.DWHWebApplication" value="../DWHWebApplication/setup" />
    <property name="libs.nb_svg_midp_components.classpath" value="/root/GlassFishESBv22/netbeans/mobility8/modules/ext/nb_svg_midp_components.jar" />
    <property name="libs.PojoSELib.classpath" value="/root/GlassFishESBv22/netbeans/soa2/modules/ext/jbi/sun-pojo-engine-api.jar:/root/GlassFishESBv22/netbeans/soa2/modules/ext/jbi/jbi.jar" />
    <property name="libs.NetBeans MIDP Components PDA.classpath" value="/root/GlassFishESBv22/netbeans/mobility8/modules/ext/netbeans_midp_components_pda.jar" />
    <property name="libs.semc-ant-utils.maven-pom" value="" />
    <property name="libs.restapi.src" value="" />
    <property name="libs.NetBeans MIDP Components.javadoc" value="/root/GlassFishESBv22/netbeans/mobility8/modules/docs/netbeans_midp_components_basic-api.zip" />
    <property name="sun.management.compiler" value="HotSpot Tiered Compilers" />
    <property name="sun.java2d.noddraw" value="true" />
    <property name="libs.spring-webmvc.classpath" value="/root/GlassFishESBv22/netbeans/enterprise5/modules/ext/spring/spring-webmvc-2.5.jar" />
    <property name="ant.file" value="/home/thomas/development/PDL_SOA/PrestashopWebApp/NewCustomerCompositeApp/build.xml" />
    <property name="libs.beans-binding.maven-pom" value="" />
    <property name="com.sun.jbi.routing.bc.autoconnect" value="true" />
    <property name="libs.jsf12.classpath" value="/root/GlassFishESBv22/netbeans/enterprise5/modules/ext/jsf-1_2/commons-beanutils.jar:/root/GlassFishESBv22/netbeans/enterprise5/modules/ext/jsf-1_2/commons-collections.jar:/root/GlassFishESBv22/netbeans/enterprise5/modules/ext/jsf-1_2/commons-digester.jar:/root/GlassFishESBv22/netbeans/enterprise5/modules/ext/jsf-1_2/commons-logging.jar:/root/GlassFishESBv22/netbeans/enterprise5/modules/ext/jsf-1_2/jsf-api.jar:/root/GlassFishESBv22/netbeans/enterprise5/modules/ext/jsf-1_2/jsf-impl.jar" />
    <property name="sun.awt.exception.handler" value="org.netbeans.core.startup.TopLogging$AWTHandler" />
    <property name="GenerateATSOutput" value="${generate.ats.output}" />
    <property name="libs.restapi.maven-pom" value="" />
    <property name="no.catd.context" value="true" />
    <property name="libs.beans-binding.src" value="" />
    <property name="libs.NetBeans MIDP Components PDA.javadoc" value="/root/GlassFishESBv22/netbeans/mobility8/modules/docs/netbeans_midp_components_pda-api.zip" />
    <property name="java.vm.specification.vendor" value="Sun Microsystems Inc." />
    <property name="libs.DataBindingME-PIM.javadoc" value="/root/GlassFishESBv22/netbeans/mobility8/modules/docs/netbeans_databindingme_pim-api.zip" />
    <property name="libs.swing-layout.src" value="/root/GlassFishESBv22/netbeans/platform10/docs/swing-layout-1.0.3-src.zip" />
    <property name="libs.j2me_ant_ext.src" value="" />
    <property name="org.openide.major.version" value="IDE/1" />
    <property name="java.vm.name" value="Java HotSpot(TM) Server VM" />
    <property name="libs.Encoder-Custom.maven-pom" value="" />
    <property name="netbeans.user" value="/root/GlassFishESBv22/.netbeans/glassfishesb" />
    <property name="libs.ricoh-ant-utils.classpath" value="/root/GlassFishESBv22/netbeans/mobility8/modules/ext/org-netbeans-modules-j2me-cdc-project-ricoh.jar:/root/GlassFishESBv22/netbeans/mobility8/modules/ext/RicohAntTasks-2.0.jar:/root/GlassFishESBv22/netbeans/mobility8/modules/ext/commons-httpclient-3.0.jar:/root/GlassFishESBv22/netbeans/ide11/modules/ext/commons-logging-1.1.jar:/root/GlassFishESBv22/netbeans/mobility8/modules/ext/commons-codec-1.3.jar" />
    <property name="java.io.tmpdir" value="/tmp" />
    <property name="java.vendor.url" value="http://java.sun.com/" />
    <property name="jspc.classpath" value="/root/GlassFishESBv22/netbeans/java2/ant/lib/ant.jar:/root/GlassFishESBv22/netbeans/enterprise5/modules/ext/servlet2.5-jsp2.1-api.jar:${j2ee.platform.classpath}:/root/GlassFishESBv22/netbeans/enterprise5/modules/ext/glassfish-jspparser-2.0.jar:/root/GlassFishESBv22/netbeans/enterprise5/modules/ext/glassfish-logging-2.0.jar:/root/GlassFishESBv22/netbeans/ide11/modules/ext/commons-logging-1.1.jar:/root/GlassFishESBv22/netbeans/java2/ant/lib/ant-launcher.jar" />
    <property name="sun.boot.library.path" value="/opt/jdk1.6.0_45/jre/lib/i386" />
    <property name="src.build.dir" value="src/jbiServiceUnits" />
    <property name="libs.DataBindingME-SVG.src" value="" />
    <property name="dist.jar" value="dist/NewCustomerCompositeApp.zip" />
    <property name="java.runtime.name" value="Java(TM) SE Runtime Environment" />
    <property name="ant.project.name" value="" />
    <property name="libs.PojoSELib.javadoc" value="/root/GlassFishESBv22/netbeans/soa2/modules/ext/jbi/sun-pojo-engine-api-javadoc.jar" />
    <property name="netbeans.hash.code" value="unique=NB_GLASSFISH_SOA0b110cfae-cdc8-4e96-8d0f-7a95a983bf85_4b3348ea-713b-42c0-9933-5ef625a3af86" />
    <property name="libs.j2me_ant_ext.maven-pom" value="" />
    <property name="sun.cpu.isalist" value="" />
    <property name="libs.CopyLibs.javadoc" value="" />
    <property name="libs.ActiveSync.javadoc" value="" />
    <property name="org.openide.specification.version" value="6.2" />
    <property name="libs.DataBindingME-PIM.classpath" value="/root/GlassFishESBv22/netbeans/mobility8/modules/ext/netbeans_databindingme_pim.jar" />
    <property name="libs.hibernate-support.classpath" value="/root/GlassFishESBv22/netbeans/java2/modules/ext/hibernate/antlr-2.7.6.jar:/root/GlassFishESBv22/netbeans/java2/modules/ext/hibernate/asm.jar:/root/GlassFishESBv22/netbeans/java2/modules/ext/hibernate/asm-attrs.jar:/root/GlassFishESBv22/netbeans/java2/modules/ext/hibernate/cglib-2.1.3.jar:/root/GlassFishESBv22/netbeans/java2/modules/ext/hibernate/commons-collections-2.1.1.jar:/root/GlassFishESBv22/netbeans/ide11/modules/ext/commons-logging-1.1.jar:/root/GlassFishESBv22/netbeans/java2/modules/ext/hibernate/dom4j-1.6.1.jar:/root/GlassFishESBv22/netbeans/java2/modules/ext/hibernate/ehcache-1.2.3.jar:/root/GlassFishESBv22/netbeans/java2/modules/ext/hibernate/jdbc2_0-stdext.jar:/root/GlassFishESBv22/netbeans/java2/modules/ext/hibernate/jta.jar:/root/GlassFishESBv22/netbeans/java2/modules/ext/hibernate/hibernate3.jar:/root/GlassFishESBv22/netbeans/java2/modules/ext/hibernate/hibernate-tools.jar:/root/GlassFishESBv22/netbeans/java2/modules/ext/hibernate/hibernate-annotations.jar:/root/GlassFishESBv22/netbeans/java2/modules/ext/hibernate/hibernate-commons-annotations.jar:/root/GlassFishESBv22/netbeans/java2/modules/ext/hibernate/hibernate-entitymanager.jar:/root/GlassFishESBv22/netbeans/java2/modules/ext/hibernate/javassist.jar" />
    <property name="user.home" value="/root" />
    <property name="libs.NetBeans MIDP Components.classpath" value="/root/GlassFishESBv22/netbeans/mobility8/modules/ext/netbeans_midp_components_basic.jar" />
    <property name="com.sun.jbi.routing" value="true" />
    <property name="libs.JWSAntTasks.src" value="" />
    <property name="libs.CopyLibs.maven-pom" value="" />
    <property name="libs.hibernate-persistence.maven-pom" value="" />
    <property name="libs.absolutelayout.javadoc" value="" />
    <property name="java.specification.name" value="Java Platform API Specification" />
    <property name="libs.swing-app-framework.maven-pom" value="" />
    <property name="libs.jakarta_slide_ant_webdav.maven-pom" value="" />
    <property name="libs.NetBeans MIDP Components WMA.classpath" value="/root/GlassFishESBv22/netbeans/mobility8/modules/ext/netbeans_midp_components_wma.jar" />
    <property name="ide.module.install.dir" value="/root/GlassFishESBv22/netbeans/ide11/modules" />
    <property name="libs.sjmc-ant-utils.src" value="" />
    <property name="libs.cdc-agui-swing-layout.javadoc" value="" />
    <property name="java.specification.vendor" value="Sun Microsystems Inc." />
    <property name="libs.javac-api.classpath" value="/root/GlassFishESBv22/netbeans/java2/modules/ext/javac-api-nb-7.0-b07.jar" />
    <property name="libs.nokiaS80-ant-utils.classpath" value="/root/GlassFishESBv22/netbeans/mobility8/modules/ext/org-netbeans-modules-j2me-cdc-project-nokiaS80.jar" />
    <property name="java.version" value="1.6.0_45" />
    <property name="libs.NetBeans MIDP Components WMA.javadoc" value="/root/GlassFishESBv22/netbeans/mobility8/modules/docs/netbeans_midp_components_wma-api.zip" />
    <property name="libs.MySQLDriver.javadoc" value="" />
    <property name="org.openide.version" value="deprecated" />
    <property name="libs.ActiveSync.maven-pom" value="" />
    <property name="source.encoding" value="UTF-8" />
    <property name="libs.junit.maven-pom" value="" />
    <property name="libs.metro.javadoc" value="/root/GlassFishESBv22/netbeans/enterprise5/docs/metro-1.4-doc.zip" />
    <property name="libs.struts.maven-pom" value="" />
    <property name="project.DWHWebApplication" value="../DWHWebApplication" />
    <property name="NetBeansUserDir" value="/root/GlassFishESBv22/.netbeans/glassfishesb" />
    <property name="test.dir" value="test" />
    <property name="libs.IdentityAntTasks.maven-pom" value="" />
    <property name="libs.jaxb.src" value="" />
    <property name="libs.cdc-ant-utils.src" value="" />
    <property name="libs.jaxb.classpath" value="/root/GlassFishESBv22/netbeans/ide11/modules/ext/jaxb/activation.jar:/root/GlassFishESBv22/netbeans/ide11/modules/ext/jaxb/api/jaxb-api.jar:/root/GlassFishESBv22/netbeans/ide11/modules/ext/jaxb/jaxb-impl.jar:/root/GlassFishESBv22/netbeans/ide11/modules/ext/jaxb/jaxb-xjc.jar:/root/GlassFishESBv22/netbeans/ide11/modules/ext/jaxb/api/jsr173_api.jar" />
    <property name="org.apache.commons.logging.Log" value="org.apache.commons.logging.impl.NoOpLog" />
    <property name="ant.file.NewCustomerCompositeApp-jbi-impl" value="/home/thomas/development/PDL_SOA/PrestashopWebApp/NewCustomerCompositeApp/nbproject/build-impl.xml" />
    <property name="libs.swing-layout.classpath" value="/root/GlassFishESBv22/netbeans/platform10/modules/ext/swing-layout-1.0.3.jar" />
    <property name="libs.restlib.src" value="" />
    <property name="build.generated.dir" value="build/generated" />
    <property name="libs.hibernate-persistence.src" value="" />
    <property name="libs.proguard.src" value="" />
    <property name="line.separator" value="
" />
    <property name="java.specification.version" value="1.6" />
    <property name="libs.nb_svg_midp_components.javadoc" value="/root/GlassFishESBv22/netbeans/mobility8/modules/docs/nb_svg_midp_components-api.zip" />
    <property name="libs.jaxws21.maven-pom" value="" />
    <property name="resource.NewCustomerProcessBpelModule" value="../NewCustomerProcessBpelModule/setup" />
    <property name="java.vm.info" value="mixed mode" />
    <property name="nb.registration.enabled" value="false" />
    <property name="libs.cdc-ant-utils.javadoc" value="" />
    <property name="reference.PrestashopWebApplication.dist" value="../PrestashopWebApplication/dist/PrestashopWebApplication.war" />
    <property name="libs.spring-framework.maven-pom" value="" />
    <property name="sun.boot.class.path" value="/opt/jdk1.6.0_45/jre/lib/resources.jar:/opt/jdk1.6.0_45/jre/lib/rt.jar:/opt/jdk1.6.0_45/jre/lib/sunrsasign.jar:/opt/jdk1.6.0_45/jre/lib/jsse.jar:/opt/jdk1.6.0_45/jre/lib/jce.jar:/opt/jdk1.6.0_45/jre/lib/charsets.jar:/opt/jdk1.6.0_45/jre/lib/modules/jdk.boot.jar:/opt/jdk1.6.0_45/jre/classes" />
    <property name="src.dir" value="src/jbiasa" />
    <property name="libs.Encoder-Framework.maven-pom" value="" />
    <property name="libs.IdentityAntTasks.javadoc" value="" />
    <property name="reference.DWHWebApplication.dist" value="../DWHWebApplication/dist/DWHWebApplication.war" />
    <property name="libs.proguard.maven-pom" value="" />
    <property name="libs.jsf12.src" value="" />
    <property name="libs.DataBindingME-SVG.maven-pom" value="" />
    <property name="libs.savaje-ant-utils.javadoc" value="" />
    <property name="resource.PrestashopWebApplication" value="../PrestashopWebApplication/setup" />
    <property name="nbplatform.default.netbeans.dest.dir" value="/root/GlassFishESBv22/netbeans" />
    <property name="libs.struts.javadoc" value="/root/GlassFishESBv22/netbeans/enterprise5/docs/struts-1.3.8-javadoc.zip" />
    <property name="jspctask.classpath" value="/root/GlassFishESBv22/netbeans/enterprise5/ant/extra/jspcompile.jar" />
    <property name="libs.cdc-ant-utils.maven-pom" value="" />
    <property name="libs.cdc-agui-swing-layout.classpath" value="/root/GlassFishESBv22/netbeans/mobility8/modules/ext/cdc-agui-swing-layout.jar" />
    <property name="dist.dir" value="dist" />
    <property name="project.PrestashopWebApplication" value="../PrestashopWebApplication" />
    <property name="inDebug" value="${inDebug}" />
    <property name="libs.sjmc-ant-utils.classpath" value="/root/GlassFishESBv22/netbeans/mobility8/modules/ext/org-netbeans-modules-j2me-cdc-project-sjmc.jar" />
    <property name="org.netbeans.modules.compapp.catd.context" value="" />
    <property name="libs.JMUnit4CLDC10.classpath" value="/root/GlassFishESBv22/netbeans/mobility8/modules/ext/jmunit4cldc10-1.2.1.jar" />
    <property name="java.awt.printerjob" value="sun.print.PSPrinterJob" />
    <property name="default.javac.source" value="1.6" />
    <property name="sun.jnu.encoding" value="UTF-8" />
    <property name="libs.MySQLDriver.src" value="" />
    <property name="jbi.service-assembly.id" value="NewCustomerCompositeApp" />
    <property name="libs.ant-contrib.maven-pom" value="" />
    <property name="java.runtime.version" value="1.6.0_45-b06" />
    <property name="libs.ejb3-persistence.javadoc" value="" />
    <property name="libs.NetBeans MIDP Components.src" value="/root/GlassFishESBv22/netbeans/mobility8/sources/netbeans_midp_components_basic-src.zip" />
    <property name="jna.platform.library.path" value="/usr/lib32:/lib32:/usr/lib:/lib" />
    <property name="libs.sjmc-ant-utils.javadoc" value="" />
    <property name="jbi.service-assembly.description" value="Represents the Service Assembly of NewCustomerCompositeApp" />
    <property name="default.javac.target" value="1.6" />
    <property name="libs.junit_4.classpath" value="/root/GlassFishESBv22/netbeans/platform10/modules/ext/junit-4.5.jar" />
    <property name="user.timezone" value="" />
    <property name="java.module.install.dir" value="/root/GlassFishESBv22/netbeans/java2/modules" />
    <property name="libs.ant-contrib.src" value="" />
    <property name="netbeans.dirs" value="/root/GlassFishESBv22/netbeans/nb6.7:/root/GlassFishESBv22/netbeans/ide11:/root/GlassFishESBv22/netbeans/java2:/root/GlassFishESBv22/netbeans/xml2:/root/GlassFishESBv22/netbeans/apisupport1:/root/GlassFishESBv22/netbeans/webcommon1:/root/GlassFishESBv22/netbeans/websvccommon1:/root/GlassFishESBv22/netbeans/enterprise5:/root/GlassFishESBv22/netbeans/mobility8:/root/GlassFishESBv22/netbeans/profiler3:/root/GlassFishESBv22/netbeans/bin/../ruby2:/root/GlassFishESBv22/netbeans/bin/../python1:/root/GlassFishESBv22/netbeans/bin/../php1:/root/GlassFishESBv22/netbeans/bin/../visualweb2:/root/GlassFishESBv22/netbeans/soa2:/root/GlassFishESBv22/netbeans/identity2:/root/GlassFishESBv22/netbeans/bin/../uml6:/root/GlassFishESBv22/netbeans/harness:/root/GlassFishESBv22/netbeans/bin/../cnd2:/root/GlassFishESBv22/netbeans/bin/../dlight1:/root/GlassFishESBv22/netbeans/bin/../groovy1:/root/GlassFishESBv22/netbeans/bin/../extra:/root/GlassFishESBv22/netbeans/bin/../javafx2:/root/GlassFishESBv22/netbeans/bin/../{ide-cluster}:/root/GlassFishESBv22/netbeans/bin/../{xml-cluster}:" />
    <property name="java.ext.dirs" value="/opt/jdk1.6.0_45/jre/lib/ext:/usr/java/packages/lib/ext" />
    <property name="libs.metro.src" value="" />
    <property name="libs.savaje-ant-utils.maven-pom" value="" />
    <property name="libs.semc-ant-utils.src" value="" />
    <property name="libs.absolutelayout.classpath" value="/root/GlassFishESBv22/netbeans/java2/modules/ext/AbsoluteLayout.jar" />
    <property name="libs.metro.classpath" value="/root/GlassFishESBv22/netbeans/ide11/modules/ext/jaxb/activation.jar:/root/GlassFishESBv22/netbeans/enterprise5/modules/ext/metro/webservices-api.jar:/root/GlassFishESBv22/netbeans/enterprise5/modules/ext/metro/webservices-extra-api.jar:/root/GlassFishESBv22/netbeans/enterprise5/modules/ext/metro/webservices-extra.jar:/root/GlassFishESBv22/netbeans/enterprise5/modules/ext/metro/webservices-rt.jar:/root/GlassFishESBv22/netbeans/enterprise5/modules/ext/metro/webservices-tools.jar" />
    <property name="libs.restlib.maven-pom" value="" />
    <property name="libs.DataBindingME.javadoc" value="/root/GlassFishESBv22/netbeans/mobility8/modules/docs/netbeans_databindingme-api.zip" />
    <property name="jbi.content.component" value="sun-javaee-engine;sun-javaee-engine;sun-bpel-engine" />
    <property name="java.class.path" value="/root/GlassFishESBv22/netbeans/soa2/modules/org-netbeans-modules-compapp-manager-jbi.jar:/root/GlassFishESBv22/netbeans/soa2/modules/org-netbeans-modules-compapp-projects-jbi.jar:/root/GlassFishESBv22/netbeans/soa2/modules/ext/jbi/jbi-admin-common.jar:/root/GlassFishESBv22/netbeans/soa2/modules/ext/jbi/catd.jar:/root/GlassFishESBv22/netbeans/java2/modules/ext/junit-3.8.2.jar:/root/GlassFishESBv22/netbeans/java2/modules/ext/jaxws21/api/saaj-api.jar:/root/GlassFishESBv22/netbeans/java2/modules/ext/jaxws21/saaj-impl.jar:/root/GlassFishESBv22/netbeans/java2/modules/ext/jaxws21/FastInfoset.jar:/root/GlassFishESBv22/netbeans/ide11/modules/org-netbeans-modules-editor-lib.jar:/root/GlassFishESBv22/netbeans/ide11/modules/org-netbeans-modules-editor.jar:/root/GlassFishESBv22/netbeans/ide11/modules/org-netbeans-modules-editor-util.jar:/root/GlassFishESBv22/netbeans/ide11/modules/org-netbeans-modules-editor-lib2.jar:/root/GlassFishESBv22/netbeans/ide11/modules/org-netbeans-modules-editor-indent.jar:/root/GlassFishESBv22/netbeans/ide11/modules/org-netbeans-modules-editor-plain.jar:/root/GlassFishESBv22/netbeans/ide11/modules/org-netbeans-modules-editor-plain-lib.jar:/root/GlassFishESBv22/netbeans/ide11/modules/org-netbeans-modules-editor-settings.jar:/root/GlassFishESBv22/netbeans/ide11/modules/org-netbeans-modules-editor-settings-storage.jar:/root/GlassFishESBv22/netbeans/ide11/modules/org-netbeans-modules-lexer.jar:/root/GlassFishESBv22/netbeans/ide11/modules/org-netbeans-modules-xml-core.jar:/root/GlassFishESBv22/netbeans/ide11/modules/org-netbeans-modules-xml-lexer.jar:/root/GlassFishESBv22/netbeans/ide11/modules/org-netbeans-modules-xml-text.jar:/root/GlassFishESBv22/netbeans/ide11/modules/org-netbeans-modules-xml-xdm.jar:/root/GlassFishESBv22/netbeans/ide11/modules/org-netbeans-modules-xml-xam.jar:/root/GlassFishESBv22/netbeans/ide11/modules/org-netbeans-modules-csl-api.jar:/root/GlassFishESBv22/netbeans/ide11/modules/ext/jaxb/activation.jar:/root/GlassFishESBv22/netbeans/platform10/lib/org-openide-modules.jar:/root/GlassFishESBv22/netbeans/platform10/lib/org-openide-util.jar:/root/GlassFishESBv22/netbeans/platform10/modules/org-openide-options.jar:/root/GlassFishESBv22/netbeans/platform10/modules/org-openide-text.jar:/root/GlassFishESBv22/netbeans/platform10/modules/org-openide-loaders.jar:/root/GlassFishESBv22/netbeans/platform10/modules/org-openide-nodes.jar:/root/GlassFishESBv22/netbeans/platform10/modules/org-netbeans-modules-editor-mimelookup.jar:/root/GlassFishESBv22/netbeans/platform10/modules/org-netbeans-modules-editor-mimelookup-impl.jar:/root/GlassFishESBv22/netbeans/platform10/core/org-openide-filesystems.jar:/root/GlassFishESBv22/netbeans/java2/ant/lib/ant-launcher.jar:/root/GlassFishESBv22/netbeans/java2/ant/lib/ant.jar:/root/GlassFishESBv22/netbeans/java2/ant/patches/72080.jar" />
    <property name="apple.laf.useScreenMenuBar" value="true" />
    <property name="libs.absolutelayout.src" value="/home/thomas/development/PDL_SOA/commons-lang3-3.1" />
    <property name="libs.cdc-pp-awt-layout.maven-pom" value="" />
    <property name="os.version" value="3.8.0-31-generic" />
    <property name="project.NewCustomerProcessBpelModule" value="../NewCustomerProcessBpelModule" />
    <property name="libs.JMUnit4CLDC11.maven-pom" value="" />
    <property name="libs.toplink.javadoc" value="/root/GlassFishESBv22/netbeans/enterprise5/docs/javaee5-doc-api.zip" />
    <property name="libs.nb_svg_midp_components.maven-pom" value="" />
    <property name="libs.PojoSELib.maven-pom" value="" />
    <property name="libs.ricoh-ant-utils.javadoc" value="" />
    <property name="libs.NetBeans MIDP Components PDA.maven-pom" value="" />
    <property name="libs.restlib.javadoc" value="/root/GlassFishESBv22/netbeans/enterprise5/docs/jersey-api-doc.zip" />
    <property name="libs.beans-binding.javadoc" value="/root/GlassFishESBv22/netbeans/java2/docs/beansbinding-1.2.1-doc.zip" />
    <property name="java.awt.graphicsenv" value="sun.awt.X11GraphicsEnvironment" />
    <property name="java.vm.vendor" value="Sun Microsystems Inc." />
    <property name="libs.CopyLibs.classpath" value="/root/GlassFishESBv22/netbeans/java2/ant/extra/org-netbeans-modules-java-j2seproject-copylibstask.jar" />
    <property name="libs.spring-webmvc.maven-pom" value="" />
    <property name="libs.ejb3-persistence.classpath" value="/root/GlassFishESBv22/netbeans/java2/modules/ext/hibernate/ejb3-persistence.jar" />
    <property name="libs.spring-framework.javadoc" value="" />
    <property name="libs.DataBindingME-PIM.src" value="" />
    <property name="libs.PostgreSQLDriver.classpath" value="/root/GlassFishESBv22/netbeans/ide11/modules/ext/postgresql-8.3-603.jdbc3.jar" />
    <property name="libs.jsf12.maven-pom" value="" />
    <property name="soa.module.install.dir" value="/root/GlassFishESBv22/netbeans/soa2/modules" />
    <property name="libs.Encoder-Custom.src" value="" />
    <property name="libs.junit.src" value="" />
    <property name="libs.CopyLibs.src" value="" />
    <property name="build.dir" value="build" />
    <property name="ant.version" value="Apache Ant version 1.7.1 compiled on June 27 2008" />
    <property name="file.encoding" value="UTF-8" />
  </properties>
  <testcase classname="org.netbeans.modules.compapp.catd.ConfiguredTest" name="TestCase3" time="0.262">
    <failure message=" Passed. Threads count Success: &lt;0&gt; Error: &lt;1&gt; Not completed: &lt;0&gt;
Details: 
&lt;Concurrent test thread 0&gt; is Errored. Success rate 0/1 
" type="junit.framework.AssertionFailedError">junit.framework.AssertionFailedError:  Passed. Threads count Success: &lt;0&gt; Error: &lt;1&gt; Not completed: &lt;0&gt;
Details: 
&lt;Concurrent test thread 0&gt; is Errored. Success rate 0/1 

	at org.netbeans.modules.compapp.catd.ConfiguredTest.testConcurrentSOAPRequest(ConfiguredTest.java:884)
</failure>
  </testcase>
  <system-out><![CDATA[GenerateATSOutput=${generate.ats.output}
NetBeansUserDir=/root/GlassFishESBv22/.netbeans/glassfishesb
file.encoding=UTF-8
file.encoding.pkg=sun.io
file.separator=/
inDebug=${inDebug}
java.awt.graphicsenv=sun.awt.X11GraphicsEnvironment
java.awt.printerjob=sun.print.PSPrinterJob
java.class.path=/root/GlassFishESBv22/netbeans/soa2/modules/org-netbeans-modules-compapp-manager-jbi.jar:/root/GlassFishESBv22/netbeans/soa2/modules/org-netbeans-modules-compapp-projects-jbi.jar:/root/GlassFishESBv22/netbeans/soa2/modules/ext/jbi/jbi-admin-common.jar:/root/GlassFishESBv22/netbeans/soa2/modules/ext/jbi/catd.jar:/root/GlassFishESBv22/netbeans/java2/modules/ext/junit-3.8.2.jar:/root/GlassFishESBv22/netbeans/java2/modules/ext/jaxws21/api/saaj-api.jar:/root/GlassFishESBv22/netbeans/java2/modules/ext/jaxws21/saaj-impl.jar:/root/GlassFishESBv22/netbeans/java2/modules/ext/jaxws21/FastInfoset.jar:/root/GlassFishESBv22/netbeans/ide11/modules/org-netbeans-modules-editor-lib.jar:/root/GlassFishESBv22/netbeans/ide11/modules/org-netbeans-modules-editor.jar:/root/GlassFishESBv22/netbeans/ide11/modules/org-netbeans-modules-editor-util.jar:/root/GlassFishESBv22/netbeans/ide11/modules/org-netbeans-modules-editor-lib2.jar:/root/GlassFishESBv22/netbeans/ide11/modules/org-netbeans-modules-editor-indent.jar:/root/GlassFishESBv22/netbeans/ide11/modules/org-netbeans-modules-editor-plain.jar:/root/GlassFishESBv22/netbeans/ide11/modules/org-netbeans-modules-editor-plain-lib.jar:/root/GlassFishESBv22/netbeans/ide11/modules/org-netbeans-modules-editor-settings.jar:/root/GlassFishESBv22/netbeans/ide11/modules/org-netbeans-modules-editor-settings-storage.jar:/root/GlassFishESBv22/netbeans/ide11/modules/org-netbeans-modules-lexer.jar:/root/GlassFishESBv22/netbeans/ide11/modules/org-netbeans-modules-xml-core.jar:/root/GlassFishESBv22/netbeans/ide11/modules/org-netbeans-modules-xml-lexer.jar:/root/GlassFishESBv22/netbeans/ide11/modules/org-netbeans-modules-xml-text.jar:/root/GlassFishESBv22/netbeans/ide11/modules/org-netbeans-modules-xml-xdm.jar:/root/GlassFishESBv22/netbeans/ide11/modules/org-netbeans-modules-xml-xam.jar:/root/GlassFishESBv22/netbeans/ide11/modules/org-netbeans-modules-csl-api.jar:/root/GlassFishESBv22/netbeans/ide11/modules/ext/jaxb/activation.jar:/root/GlassFishESBv22/netbeans/platform10/lib/org-openide-modules.jar:/root/GlassFishESBv22/netbeans/platform10/lib/org-openide-util.jar:/root/GlassFishESBv22/netbeans/platform10/modules/org-openide-options.jar:/root/GlassFishESBv22/netbeans/platform10/modules/org-openide-text.jar:/root/GlassFishESBv22/netbeans/platform10/modules/org-openide-loaders.jar:/root/GlassFishESBv22/netbeans/platform10/modules/org-openide-nodes.jar:/root/GlassFishESBv22/netbeans/platform10/modules/org-netbeans-modules-editor-mimelookup.jar:/root/GlassFishESBv22/netbeans/platform10/modules/org-netbeans-modules-editor-mimelookup-impl.jar:/root/GlassFishESBv22/netbeans/platform10/core/org-openide-filesystems.jar:/root/GlassFishESBv22/netbeans/java2/ant/lib/ant-launcher.jar:/root/GlassFishESBv22/netbeans/java2/ant/lib/ant.jar:/root/GlassFishESBv22/netbeans/java2/ant/patches/72080.jar
java.class.version=50.0
java.endorsed.dirs=/opt/jdk1.6.0_45/jre/lib/endorsed
java.ext.dirs=/opt/jdk1.6.0_45/jre/lib/ext:/usr/java/packages/lib/ext
java.home=/opt/jdk1.6.0_45/jre
java.io.tmpdir=/tmp
java.library.path=/opt/jdk1.6.0_45/jre/lib/i386/server:/opt/jdk1.6.0_45/jre/lib/i386:/opt/jdk1.6.0_45/jre/../lib/i386:/opt/jdk1.6.0_45/jre/lib/i386/client:/opt/jdk1.6.0_45/jre/lib/i386:/opt/jdk1.6.0_45/jre/../lib/i386:/usr/java/packages/lib/i386:/lib:/usr/lib
java.runtime.name=Java(TM) SE Runtime Environment
java.runtime.version=1.6.0_45-b06
java.specification.name=Java Platform API Specification
java.specification.vendor=Sun Microsystems Inc.
java.specification.version=1.6
java.vendor=Sun Microsystems Inc.
java.vendor.url=http://java.sun.com/
java.vendor.url.bug=http://java.sun.com/cgi-bin/bugreport.cgi
java.version=1.6.0_45
java.vm.info=mixed mode
java.vm.name=Java HotSpot(TM) Server VM
java.vm.specification.name=Java Virtual Machine Specification
java.vm.specification.vendor=Sun Microsystems Inc.
java.vm.specification.version=1.0
java.vm.vendor=Sun Microsystems Inc.
java.vm.version=20.45-b01
line.separator=

org.netbeans.modules.compapp.catd.context=
os.arch=i386
os.name=Linux
os.version=3.8.0-31-generic
path.separator=:
sun.arch.data.model=32
sun.boot.class.path=/opt/jdk1.6.0_45/jre/lib/resources.jar:/opt/jdk1.6.0_45/jre/lib/rt.jar:/opt/jdk1.6.0_45/jre/lib/sunrsasign.jar:/opt/jdk1.6.0_45/jre/lib/jsse.jar:/opt/jdk1.6.0_45/jre/lib/jce.jar:/opt/jdk1.6.0_45/jre/lib/charsets.jar:/opt/jdk1.6.0_45/jre/lib/modules/jdk.boot.jar:/opt/jdk1.6.0_45/jre/classes
sun.boot.library.path=/opt/jdk1.6.0_45/jre/lib/i386
sun.cpu.endian=little
sun.cpu.isalist=
sun.io.unicode.encoding=UnicodeLittle
sun.java.command=org.apache.tools.ant.taskdefs.optional.junit.JUnitTestRunner org.netbeans.modules.compapp.catd.ConfiguredTest filtertrace=true haltOnError=false haltOnFailure=false showoutput=true outputtoformatters=true logtestlistenerevents=true formatter=org.apache.tools.ant.taskdefs.optional.junit.BriefJUnitResultFormatter formatter=org.apache.tools.ant.taskdefs.optional.junit.XMLJUnitResultFormatter,/home/thomas/development/PDL_SOA/PrestashopWebApp/NewCustomerCompositeApp/test/results/TEST-org.netbeans.modules.compapp.catd.ConfiguredTest.xml crashfile=/tmp/junitvmwatcher3970240565321837607.properties propsfile=/tmp/junit282342462862693455.properties
sun.java.launcher=SUN_STANDARD
sun.jnu.encoding=UTF-8
sun.management.compiler=HotSpot Tiered Compilers
sun.os.patch.level=unknown
user.country=FR
user.dir=/home/thomas/development/PDL_SOA/PrestashopWebApp/NewCustomerCompositeApp
user.home=/root
user.language=fr
user.name=root
user.timezone=Europe/Paris
Test TestCase3\Concurrent.properties Failed. (Destination: http://localhost:${HttpDefaultPort}/StartRetrieveWSDLService/StartRetrieveWSDLPort)
]]></system-out>
  <system-err><![CDATA[30 nov. 2013 17:50:43 com.sun.xml.messaging.saaj.client.p2p.HttpSOAPConnection post
GRAVE: SAAJ0008: Bad Response; Not Found
com.sun.xml.messaging.saaj.SOAPExceptionImpl: java.security.PrivilegedActionException: com.sun.xml.messaging.saaj.SOAPExceptionImpl: Bad response: (404Not Found
	at com.sun.xml.messaging.saaj.client.p2p.HttpSOAPConnection.call(HttpSOAPConnection.java:191)
	at org.netbeans.modules.compapp.catd.util.Util.sendMessage(Util.java:343)
	at org.netbeans.modules.compapp.catd.ConfiguredTest$ConcurrentTestSendOnlyRunnable.run(ConfiguredTest.java:2064)
	at java.lang.Thread.run(Thread.java:662)
Caused by: java.security.PrivilegedActionException: com.sun.xml.messaging.saaj.SOAPExceptionImpl: Bad response: (404Not Found
	at java.security.AccessController.doPrivileged(Native Method)
	at com.sun.xml.messaging.saaj.client.p2p.HttpSOAPConnection.call(HttpSOAPConnection.java:185)
	... 3 more
Caused by: com.sun.xml.messaging.saaj.SOAPExceptionImpl: Bad response: (404Not Found
	at com.sun.xml.messaging.saaj.client.p2p.HttpSOAPConnection.post(HttpSOAPConnection.java:368)
	at com.sun.xml.messaging.saaj.client.p2p.HttpSOAPConnection$PriviledgedPost.run(HttpSOAPConnection.java:214)
	... 5 more

CAUSE:

java.security.PrivilegedActionException: com.sun.xml.messaging.saaj.SOAPExceptionImpl: Bad response: (404Not Found
	at java.security.AccessController.doPrivileged(Native Method)
	at com.sun.xml.messaging.saaj.client.p2p.HttpSOAPConnection.call(HttpSOAPConnection.java:185)
	at org.netbeans.modules.compapp.catd.util.Util.sendMessage(Util.java:343)
	at org.netbeans.modules.compapp.catd.ConfiguredTest$ConcurrentTestSendOnlyRunnable.run(ConfiguredTest.java:2064)
	at java.lang.Thread.run(Thread.java:662)
Caused by: com.sun.xml.messaging.saaj.SOAPExceptionImpl: Bad response: (404Not Found
	at com.sun.xml.messaging.saaj.client.p2p.HttpSOAPConnection.post(HttpSOAPConnection.java:368)
	at com.sun.xml.messaging.saaj.client.p2p.HttpSOAPConnection$PriviledgedPost.run(HttpSOAPConnection.java:214)
	... 5 more

CAUSE:

java.security.PrivilegedActionException: com.sun.xml.messaging.saaj.SOAPExceptionImpl: Bad response: (404Not Found
	at java.security.AccessController.doPrivileged(Native Method)
	at com.sun.xml.messaging.saaj.client.p2p.HttpSOAPConnection.call(HttpSOAPConnection.java:185)
	at org.netbeans.modules.compapp.catd.util.Util.sendMessage(Util.java:343)
	at org.netbeans.modules.compapp.catd.ConfiguredTest$ConcurrentTestSendOnlyRunnable.run(ConfiguredTest.java:2064)
	at java.lang.Thread.run(Thread.java:662)
Caused by: com.sun.xml.messaging.saaj.SOAPExceptionImpl: Bad response: (404Not Found
	at com.sun.xml.messaging.saaj.client.p2p.HttpSOAPConnection.post(HttpSOAPConnection.java:368)
	at com.sun.xml.messaging.saaj.client.p2p.HttpSOAPConnection$PriviledgedPost.run(HttpSOAPConnection.java:214)
	... 5 more
]]></system-err>
</testsuite>
